{
  "C:\\Users\\yzj\\Desktop\\WIT\\WebAppDevelopment\\moviesApp\\src\\components\\headerMovieList\\index.js": {
    "path": "C:\\Users\\yzj\\Desktop\\WIT\\WebAppDevelopment\\moviesApp\\src\\components\\headerMovieList\\index.js",
    "statementMap": {
      "0": {
        "start": {
          "line": 3,
          "column": 15
        },
        "end": {
          "line": 14,
          "column": 1
        }
      },
      "1": {
        "start": {
          "line": 4,
          "column": 2
        },
        "end": {
          "line": 13,
          "column": 4
        }
      }
    },
    "fnMap": {
      "0": {
        "name": "(anonymous_0)",
        "decl": {
          "start": {
            "line": 3,
            "column": 15
          },
          "end": {
            "line": 3,
            "column": 16
          }
        },
        "loc": {
          "start": {
            "line": 3,
            "column": 41
          },
          "end": {
            "line": 14,
            "column": 1
          }
        },
        "line": 3
      }
    },
    "branchMap": {},
    "s": {
      "0": 13,
      "1": 63
    },
    "f": {
      "0": 63
    },
    "b": {},
    "_coverageSchema": "1a1c01bbd47fc00a2c39e90264f33305004495a9",
    "hash": "f5117221935feb40e87869cc167350f5c9480984"
  },
  "C:\\Users\\yzj\\Desktop\\WIT\\WebAppDevelopment\\moviesApp\\src\\globals\\fontawesome.js": {
    "path": "C:\\Users\\yzj\\Desktop\\WIT\\WebAppDevelopment\\moviesApp\\src\\globals\\fontawesome.js",
    "statementMap": {
      "0": {
        "start": {
          "line": 11,
          "column": 0
        },
        "end": {
          "line": 11,
          "column": 77
        }
      }
    },
    "fnMap": {},
    "branchMap": {},
    "s": {
      "0": 13
    },
    "f": {},
    "b": {},
    "_coverageSchema": "1a1c01bbd47fc00a2c39e90264f33305004495a9",
    "hash": "e649d99f8d961f3e9fe90f8a0f5faeac5fa489f5"
  },
  "C:\\Users\\yzj\\Desktop\\WIT\\WebAppDevelopment\\moviesApp\\src\\components\\movieCard\\index.js": {
    "path": "C:\\Users\\yzj\\Desktop\\WIT\\WebAppDevelopment\\moviesApp\\src\\components\\movieCard\\index.js",
    "statementMap": {
      "0": {
        "start": {
          "line": 7,
          "column": 18
        },
        "end": {
          "line": 33,
          "column": 1
        }
      },
      "1": {
        "start": {
          "line": 9,
          "column": 2
        },
        "end": {
          "line": 32,
          "column": 4
        }
      }
    },
    "fnMap": {
      "0": {
        "name": "(anonymous_0)",
        "decl": {
          "start": {
            "line": 7,
            "column": 18
          },
          "end": {
            "line": 7,
            "column": 19
          }
        },
        "loc": {
          "start": {
            "line": 7,
            "column": 39
          },
          "end": {
            "line": 33,
            "column": 1
          }
        },
        "line": 7
      }
    },
    "branchMap": {
      "0": {
        "loc": {
          "start": {
            "line": 21,
            "column": 14
          },
          "end": {
            "line": 23,
            "column": 49
          }
        },
        "type": "cond-expr",
        "locations": [
          {
            "start": {
              "line": 22,
              "column": 18
            },
            "end": {
              "line": 22,
              "column": 72
            }
          },
          {
            "start": {
              "line": 23,
              "column": 18
            },
            "end": {
              "line": 23,
              "column": 49
            }
          }
        ],
        "line": 21
      }
    },
    "s": {
      "0": 13,
      "1": 606
    },
    "f": {
      "0": 606
    },
    "b": {
      "0": [
        606,
        0
      ]
    },
    "_coverageSchema": "1a1c01bbd47fc00a2c39e90264f33305004495a9",
    "hash": "a72f6802cddf90e47f9549d0d5bd3e6c626a1200"
  },
  "C:\\Users\\yzj\\Desktop\\WIT\\WebAppDevelopment\\moviesApp\\src\\components\\movieList\\index.js": {
    "path": "C:\\Users\\yzj\\Desktop\\WIT\\WebAppDevelopment\\moviesApp\\src\\components\\movieList\\index.js",
    "statementMap": {
      "0": {
        "start": {
          "line": 5,
          "column": 18
        },
        "end": {
          "line": 10,
          "column": 1
        }
      },
      "1": {
        "start": {
          "line": 6,
          "column": 21
        },
        "end": {
          "line": 8,
          "column": 4
        }
      },
      "2": {
        "start": {
          "line": 7,
          "column": 4
        },
        "end": {
          "line": 7,
          "column": 50
        }
      },
      "3": {
        "start": {
          "line": 9,
          "column": 2
        },
        "end": {
          "line": 9,
          "column": 100
        }
      }
    },
    "fnMap": {
      "0": {
        "name": "(anonymous_0)",
        "decl": {
          "start": {
            "line": 5,
            "column": 18
          },
          "end": {
            "line": 5,
            "column": 19
          }
        },
        "loc": {
          "start": {
            "line": 5,
            "column": 40
          },
          "end": {
            "line": 10,
            "column": 1
          }
        },
        "line": 5
      },
      "1": {
        "name": "(anonymous_1)",
        "decl": {
          "start": {
            "line": 6,
            "column": 32
          },
          "end": {
            "line": 6,
            "column": 33
          }
        },
        "loc": {
          "start": {
            "line": 7,
            "column": 4
          },
          "end": {
            "line": 7,
            "column": 50
          }
        },
        "line": 7
      }
    },
    "branchMap": {},
    "s": {
      "0": 13,
      "1": 63,
      "2": 606,
      "3": 63
    },
    "f": {
      "0": 63,
      "1": 606
    },
    "b": {},
    "_coverageSchema": "1a1c01bbd47fc00a2c39e90264f33305004495a9",
    "hash": "d4da45a113ae60d778a057a69d10e0150c09d48d"
  },
  "C:\\Users\\yzj\\Desktop\\WIT\\WebAppDevelopment\\moviesApp\\src\\api\\tmdb-api.js": {
    "path": "C:\\Users\\yzj\\Desktop\\WIT\\WebAppDevelopment\\moviesApp\\src\\api\\tmdb-api.js",
    "statementMap": {
      "0": {
        "start": {
          "line": 1,
          "column": 25
        },
        "end": {
          "line": 7,
          "column": 3
        }
      },
      "1": {
        "start": {
          "line": 2,
          "column": 4
        },
        "end": {
          "line": 6,
          "column": 34
        }
      },
      "2": {
        "start": {
          "line": 5,
          "column": 19
        },
        "end": {
          "line": 5,
          "column": 29
        }
      },
      "3": {
        "start": {
          "line": 6,
          "column": 20
        },
        "end": {
          "line": 6,
          "column": 32
        }
      },
      "4": {
        "start": {
          "line": 9,
          "column": 26
        },
        "end": {
          "line": 13,
          "column": 3
        }
      },
      "5": {
        "start": {
          "line": 10,
          "column": 4
        },
        "end": {
          "line": 12,
          "column": 30
        }
      },
      "6": {
        "start": {
          "line": 12,
          "column": 18
        },
        "end": {
          "line": 12,
          "column": 28
        }
      },
      "7": {
        "start": {
          "line": 15,
          "column": 27
        },
        "end": {
          "line": 23,
          "column": 3
        }
      },
      "8": {
        "start": {
          "line": 16,
          "column": 4
        },
        "end": {
          "line": 22,
          "column": 33
        }
      },
      "9": {
        "start": {
          "line": 21,
          "column": 19
        },
        "end": {
          "line": 21,
          "column": 29
        }
      },
      "10": {
        "start": {
          "line": 22,
          "column": 20
        },
        "end": {
          "line": 22,
          "column": 31
        }
      },
      "11": {
        "start": {
          "line": 25,
          "column": 33
        },
        "end": {
          "line": 31,
          "column": 3
        }
      },
      "12": {
        "start": {
          "line": 26,
          "column": 4
        },
        "end": {
          "line": 30,
          "column": 34
        }
      },
      "13": {
        "start": {
          "line": 29,
          "column": 19
        },
        "end": {
          "line": 29,
          "column": 29
        }
      },
      "14": {
        "start": {
          "line": 30,
          "column": 20
        },
        "end": {
          "line": 30,
          "column": 32
        }
      },
      "15": {
        "start": {
          "line": 33,
          "column": 35
        },
        "end": {
          "line": 39,
          "column": 3
        }
      },
      "16": {
        "start": {
          "line": 34,
          "column": 4
        },
        "end": {
          "line": 38,
          "column": 34
        }
      },
      "17": {
        "start": {
          "line": 37,
          "column": 19
        },
        "end": {
          "line": 37,
          "column": 29
        }
      },
      "18": {
        "start": {
          "line": 38,
          "column": 20
        },
        "end": {
          "line": 38,
          "column": 32
        }
      },
      "19": {
        "start": {
          "line": 41,
          "column": 35
        },
        "end": {
          "line": 51,
          "column": 3
        }
      },
      "20": {
        "start": {
          "line": 42,
          "column": 4
        },
        "end": {
          "line": 50,
          "column": 8
        }
      },
      "21": {
        "start": {
          "line": 45,
          "column": 19
        },
        "end": {
          "line": 45,
          "column": 29
        }
      },
      "22": {
        "start": {
          "line": 47,
          "column": 8
        },
        "end": {
          "line": 49,
          "column": 37
        }
      }
    },
    "fnMap": {
      "0": {
        "name": "(anonymous_0)",
        "decl": {
          "start": {
            "line": 1,
            "column": 25
          },
          "end": {
            "line": 1,
            "column": 26
          }
        },
        "loc": {
          "start": {
            "line": 1,
            "column": 31
          },
          "end": {
            "line": 7,
            "column": 3
          }
        },
        "line": 1
      },
      "1": {
        "name": "(anonymous_1)",
        "decl": {
          "start": {
            "line": 5,
            "column": 12
          },
          "end": {
            "line": 5,
            "column": 13
          }
        },
        "loc": {
          "start": {
            "line": 5,
            "column": 19
          },
          "end": {
            "line": 5,
            "column": 29
          }
        },
        "line": 5
      },
      "2": {
        "name": "(anonymous_2)",
        "decl": {
          "start": {
            "line": 6,
            "column": 12
          },
          "end": {
            "line": 6,
            "column": 13
          }
        },
        "loc": {
          "start": {
            "line": 6,
            "column": 20
          },
          "end": {
            "line": 6,
            "column": 32
          }
        },
        "line": 6
      },
      "3": {
        "name": "(anonymous_3)",
        "decl": {
          "start": {
            "line": 9,
            "column": 26
          },
          "end": {
            "line": 9,
            "column": 27
          }
        },
        "loc": {
          "start": {
            "line": 9,
            "column": 32
          },
          "end": {
            "line": 13,
            "column": 3
          }
        },
        "line": 9
      },
      "4": {
        "name": "(anonymous_4)",
        "decl": {
          "start": {
            "line": 12,
            "column": 11
          },
          "end": {
            "line": 12,
            "column": 12
          }
        },
        "loc": {
          "start": {
            "line": 12,
            "column": 18
          },
          "end": {
            "line": 12,
            "column": 28
          }
        },
        "line": 12
      },
      "5": {
        "name": "(anonymous_5)",
        "decl": {
          "start": {
            "line": 15,
            "column": 27
          },
          "end": {
            "line": 15,
            "column": 28
          }
        },
        "loc": {
          "start": {
            "line": 15,
            "column": 33
          },
          "end": {
            "line": 23,
            "column": 3
          }
        },
        "line": 15
      },
      "6": {
        "name": "(anonymous_6)",
        "decl": {
          "start": {
            "line": 21,
            "column": 12
          },
          "end": {
            "line": 21,
            "column": 13
          }
        },
        "loc": {
          "start": {
            "line": 21,
            "column": 19
          },
          "end": {
            "line": 21,
            "column": 29
          }
        },
        "line": 21
      },
      "7": {
        "name": "(anonymous_7)",
        "decl": {
          "start": {
            "line": 22,
            "column": 12
          },
          "end": {
            "line": 22,
            "column": 13
          }
        },
        "loc": {
          "start": {
            "line": 22,
            "column": 20
          },
          "end": {
            "line": 22,
            "column": 31
          }
        },
        "line": 22
      },
      "8": {
        "name": "(anonymous_8)",
        "decl": {
          "start": {
            "line": 25,
            "column": 33
          },
          "end": {
            "line": 25,
            "column": 34
          }
        },
        "loc": {
          "start": {
            "line": 25,
            "column": 39
          },
          "end": {
            "line": 31,
            "column": 3
          }
        },
        "line": 25
      },
      "9": {
        "name": "(anonymous_9)",
        "decl": {
          "start": {
            "line": 29,
            "column": 12
          },
          "end": {
            "line": 29,
            "column": 13
          }
        },
        "loc": {
          "start": {
            "line": 29,
            "column": 19
          },
          "end": {
            "line": 29,
            "column": 29
          }
        },
        "line": 29
      },
      "10": {
        "name": "(anonymous_10)",
        "decl": {
          "start": {
            "line": 30,
            "column": 12
          },
          "end": {
            "line": 30,
            "column": 13
          }
        },
        "loc": {
          "start": {
            "line": 30,
            "column": 20
          },
          "end": {
            "line": 30,
            "column": 32
          }
        },
        "line": 30
      },
      "11": {
        "name": "(anonymous_11)",
        "decl": {
          "start": {
            "line": 33,
            "column": 35
          },
          "end": {
            "line": 33,
            "column": 36
          }
        },
        "loc": {
          "start": {
            "line": 33,
            "column": 41
          },
          "end": {
            "line": 39,
            "column": 3
          }
        },
        "line": 33
      },
      "12": {
        "name": "(anonymous_12)",
        "decl": {
          "start": {
            "line": 37,
            "column": 12
          },
          "end": {
            "line": 37,
            "column": 13
          }
        },
        "loc": {
          "start": {
            "line": 37,
            "column": 19
          },
          "end": {
            "line": 37,
            "column": 29
          }
        },
        "line": 37
      },
      "13": {
        "name": "(anonymous_13)",
        "decl": {
          "start": {
            "line": 38,
            "column": 12
          },
          "end": {
            "line": 38,
            "column": 13
          }
        },
        "loc": {
          "start": {
            "line": 38,
            "column": 20
          },
          "end": {
            "line": 38,
            "column": 32
          }
        },
        "line": 38
      },
      "14": {
        "name": "(anonymous_14)",
        "decl": {
          "start": {
            "line": 41,
            "column": 35
          },
          "end": {
            "line": 41,
            "column": 36
          }
        },
        "loc": {
          "start": {
            "line": 41,
            "column": 55
          },
          "end": {
            "line": 51,
            "column": 3
          }
        },
        "line": 41
      },
      "15": {
        "name": "(anonymous_15)",
        "decl": {
          "start": {
            "line": 45,
            "column": 12
          },
          "end": {
            "line": 45,
            "column": 13
          }
        },
        "loc": {
          "start": {
            "line": 45,
            "column": 19
          },
          "end": {
            "line": 45,
            "column": 29
          }
        },
        "line": 45
      },
      "16": {
        "name": "(anonymous_16)",
        "decl": {
          "start": {
            "line": 46,
            "column": 12
          },
          "end": {
            "line": 46,
            "column": 13
          }
        },
        "loc": {
          "start": {
            "line": 46,
            "column": 20
          },
          "end": {
            "line": 50,
            "column": 7
          }
        },
        "line": 46
      }
    },
    "branchMap": {
      "0": {
        "loc": {
          "start": {
            "line": 47,
            "column": 15
          },
          "end": {
            "line": 49,
            "column": 37
          }
        },
        "type": "cond-expr",
        "locations": [
          {
            "start": {
              "line": 48,
              "column": 10
            },
            "end": {
              "line": 48,
              "column": 35
            }
          },
          {
            "start": {
              "line": 49,
              "column": 10
            },
            "end": {
              "line": 49,
              "column": 37
            }
          }
        ],
        "line": 47
      }
    },
    "s": {
      "0": 13,
      "1": 13,
      "2": 13,
      "3": 13,
      "4": 13,
      "5": 0,
      "6": 0,
      "7": 13,
      "8": 13,
      "9": 13,
      "10": 13,
      "11": 13,
      "12": 0,
      "13": 0,
      "14": 0,
      "15": 13,
      "16": 13,
      "17": 13,
      "18": 13,
      "19": 13,
      "20": 606,
      "21": 598,
      "22": 589
    },
    "f": {
      "0": 13,
      "1": 13,
      "2": 13,
      "3": 0,
      "4": 0,
      "5": 13,
      "6": 13,
      "7": 13,
      "8": 0,
      "9": 0,
      "10": 0,
      "11": 13,
      "12": 13,
      "13": 13,
      "14": 606,
      "15": 598,
      "16": 589
    },
    "b": {
      "0": [
        0,
        589
      ]
    },
    "_coverageSchema": "1a1c01bbd47fc00a2c39e90264f33305004495a9",
    "hash": "21b9bcb58e579dc61b825b928df0dea34bb0c004"
  },
  "C:\\Users\\yzj\\Desktop\\WIT\\WebAppDevelopment\\moviesApp\\src\\contexts\\genresContext.js": {
    "path": "C:\\Users\\yzj\\Desktop\\WIT\\WebAppDevelopment\\moviesApp\\src\\contexts\\genresContext.js",
    "statementMap": {
      "0": {
        "start": {
          "line": 4,
          "column": 29
        },
        "end": {
          "line": 4,
          "column": 48
        }
      },
      "1": {
        "start": {
          "line": 6,
          "column": 30
        },
        "end": {
          "line": 24,
          "column": 1
        }
      },
      "2": {
        "start": {
          "line": 7,
          "column": 32
        },
        "end": {
          "line": 7,
          "column": 68
        }
      },
      "3": {
        "start": {
          "line": 8,
          "column": 4
        },
        "end": {
          "line": 13,
          "column": 11
        }
      },
      "4": {
        "start": {
          "line": 9,
          "column": 6
        },
        "end": {
          "line": 11,
          "column": 9
        }
      },
      "5": {
        "start": {
          "line": 10,
          "column": 8
        },
        "end": {
          "line": 10,
          "column": 45
        }
      },
      "6": {
        "start": {
          "line": 15,
          "column": 4
        },
        "end": {
          "line": 23,
          "column": 5
        }
      }
    },
    "fnMap": {
      "0": {
        "name": "(anonymous_0)",
        "decl": {
          "start": {
            "line": 6,
            "column": 30
          },
          "end": {
            "line": 6,
            "column": 31
          }
        },
        "loc": {
          "start": {
            "line": 6,
            "column": 39
          },
          "end": {
            "line": 24,
            "column": 1
          }
        },
        "line": 6
      },
      "1": {
        "name": "(anonymous_1)",
        "decl": {
          "start": {
            "line": 8,
            "column": 14
          },
          "end": {
            "line": 8,
            "column": 15
          }
        },
        "loc": {
          "start": {
            "line": 8,
            "column": 20
          },
          "end": {
            "line": 13,
            "column": 5
          }
        },
        "line": 8
      },
      "2": {
        "name": "(anonymous_2)",
        "decl": {
          "start": {
            "line": 9,
            "column": 23
          },
          "end": {
            "line": 9,
            "column": 24
          }
        },
        "loc": {
          "start": {
            "line": 9,
            "column": 36
          },
          "end": {
            "line": 11,
            "column": 7
          }
        },
        "line": 9
      }
    },
    "branchMap": {},
    "s": {
      "0": 13,
      "1": 13,
      "2": 26,
      "3": 26,
      "4": 13,
      "5": 13,
      "6": 26
    },
    "f": {
      "0": 26,
      "1": 13,
      "2": 13
    },
    "b": {},
    "_coverageSchema": "1a1c01bbd47fc00a2c39e90264f33305004495a9",
    "hash": "cc6ec362dd62a40cc178111630f5afcc7d9df7ef"
  },
  "C:\\Users\\yzj\\Desktop\\WIT\\WebAppDevelopment\\moviesApp\\src\\components\\filterControls\\index.js": {
    "path": "C:\\Users\\yzj\\Desktop\\WIT\\WebAppDevelopment\\moviesApp\\src\\components\\filterControls\\index.js",
    "statementMap": {
      "0": {
        "start": {
          "line": 5,
          "column": 23
        },
        "end": {
          "line": 43,
          "column": 1
        }
      },
      "1": {
        "start": {
          "line": 6,
          "column": 18
        },
        "end": {
          "line": 6,
          "column": 43
        }
      },
      "2": {
        "start": {
          "line": 8,
          "column": 23
        },
        "end": {
          "line": 11,
          "column": 3
        }
      },
      "3": {
        "start": {
          "line": 9,
          "column": 4
        },
        "end": {
          "line": 9,
          "column": 23
        }
      },
      "4": {
        "start": {
          "line": 10,
          "column": 4
        },
        "end": {
          "line": 10,
          "column": 35
        }
      },
      "5": {
        "start": {
          "line": 12,
          "column": 27
        },
        "end": {
          "line": 14,
          "column": 3
        }
      },
      "6": {
        "start": {
          "line": 13,
          "column": 4
        },
        "end": {
          "line": 13,
          "column": 44
        }
      },
      "7": {
        "start": {
          "line": 15,
          "column": 28
        },
        "end": {
          "line": 17,
          "column": 3
        }
      },
      "8": {
        "start": {
          "line": 16,
          "column": 4
        },
        "end": {
          "line": 16,
          "column": 45
        }
      },
      "9": {
        "start": {
          "line": 19,
          "column": 2
        },
        "end": {
          "line": 42,
          "column": 4
        }
      },
      "10": {
        "start": {
          "line": 32,
          "column": 14
        },
        "end": {
          "line": 36,
          "column": 16
        }
      }
    },
    "fnMap": {
      "0": {
        "name": "(anonymous_0)",
        "decl": {
          "start": {
            "line": 5,
            "column": 23
          },
          "end": {
            "line": 5,
            "column": 24
          }
        },
        "loc": {
          "start": {
            "line": 5,
            "column": 32
          },
          "end": {
            "line": 43,
            "column": 1
          }
        },
        "line": 5
      },
      "1": {
        "name": "(anonymous_1)",
        "decl": {
          "start": {
            "line": 8,
            "column": 23
          },
          "end": {
            "line": 8,
            "column": 24
          }
        },
        "loc": {
          "start": {
            "line": 8,
            "column": 43
          },
          "end": {
            "line": 11,
            "column": 3
          }
        },
        "line": 8
      },
      "2": {
        "name": "(anonymous_2)",
        "decl": {
          "start": {
            "line": 12,
            "column": 27
          },
          "end": {
            "line": 12,
            "column": 28
          }
        },
        "loc": {
          "start": {
            "line": 12,
            "column": 32
          },
          "end": {
            "line": 14,
            "column": 3
          }
        },
        "line": 12
      },
      "3": {
        "name": "(anonymous_3)",
        "decl": {
          "start": {
            "line": 15,
            "column": 28
          },
          "end": {
            "line": 15,
            "column": 29
          }
        },
        "loc": {
          "start": {
            "line": 15,
            "column": 33
          },
          "end": {
            "line": 17,
            "column": 3
          }
        },
        "line": 15
      },
      "4": {
        "name": "(anonymous_4)",
        "decl": {
          "start": {
            "line": 31,
            "column": 32
          },
          "end": {
            "line": 31,
            "column": 33
          }
        },
        "loc": {
          "start": {
            "line": 31,
            "column": 41
          },
          "end": {
            "line": 37,
            "column": 13
          }
        },
        "line": 31
      }
    },
    "branchMap": {},
    "s": {
      "0": 13,
      "1": 76,
      "2": 76,
      "3": 24,
      "4": 24,
      "5": 76,
      "6": 17,
      "7": 76,
      "8": 7,
      "9": 76,
      "10": 1197
    },
    "f": {
      "0": 76,
      "1": 24,
      "2": 17,
      "3": 7,
      "4": 1197
    },
    "b": {},
    "_coverageSchema": "1a1c01bbd47fc00a2c39e90264f33305004495a9",
    "hash": "c52249f219d4f664fe992f638e98cac3527ce23d"
  },
  "C:\\Users\\yzj\\Desktop\\WIT\\WebAppDevelopment\\moviesApp\\src\\components\\MovieCarousels\\index.js": {
    "path": "C:\\Users\\yzj\\Desktop\\WIT\\WebAppDevelopment\\moviesApp\\src\\components\\MovieCarousels\\index.js",
    "statementMap": {
      "0": {
        "start": {
          "line": 6,
          "column": 21
        },
        "end": {
          "line": 44,
          "column": 1
        }
      },
      "1": {
        "start": {
          "line": 8,
          "column": 22
        },
        "end": {
          "line": 37,
          "column": 4
        }
      },
      "2": {
        "start": {
          "line": 9,
          "column": 4
        },
        "end": {
          "line": 36,
          "column": 5
        }
      },
      "3": {
        "start": {
          "line": 39,
          "column": 2
        },
        "end": {
          "line": 43,
          "column": 4
        }
      }
    },
    "fnMap": {
      "0": {
        "name": "(anonymous_0)",
        "decl": {
          "start": {
            "line": 6,
            "column": 21
          },
          "end": {
            "line": 6,
            "column": 22
          }
        },
        "loc": {
          "start": {
            "line": 6,
            "column": 48
          },
          "end": {
            "line": 44,
            "column": 1
          }
        },
        "line": 6
      },
      "1": {
        "name": "(anonymous_1)",
        "decl": {
          "start": {
            "line": 8,
            "column": 32
          },
          "end": {
            "line": 8,
            "column": 33
          }
        },
        "loc": {
          "start": {
            "line": 8,
            "column": 40
          },
          "end": {
            "line": 37,
            "column": 3
          }
        },
        "line": 8
      }
    },
    "branchMap": {},
    "s": {
      "0": 13,
      "1": 99,
      "2": 911,
      "3": 99
    },
    "f": {
      "0": 99,
      "1": 911
    },
    "b": {},
    "_coverageSchema": "1a1c01bbd47fc00a2c39e90264f33305004495a9",
    "hash": "69a1eaa3021e1d867554573896288c94a11be14f"
  },
  "C:\\Users\\yzj\\Desktop\\WIT\\WebAppDevelopment\\moviesApp\\src\\components\\movieCarouselShow\\index.js": {
    "path": "C:\\Users\\yzj\\Desktop\\WIT\\WebAppDevelopment\\moviesApp\\src\\components\\movieCarouselShow\\index.js",
    "statementMap": {
      "0": {
        "start": {
          "line": 7,
          "column": 24
        },
        "end": {
          "line": 40,
          "column": 1
        }
      },
      "1": {
        "start": {
          "line": 10,
          "column": 26
        },
        "end": {
          "line": 10,
          "column": 38
        }
      },
      "2": {
        "start": {
          "line": 11,
          "column": 2
        },
        "end": {
          "line": 27,
          "column": 13
        }
      },
      "3": {
        "start": {
          "line": 12,
          "column": 15
        },
        "end": {
          "line": 12,
          "column": 17
        }
      },
      "4": {
        "start": {
          "line": 13,
          "column": 4
        },
        "end": {
          "line": 26,
          "column": 6
        }
      },
      "5": {
        "start": {
          "line": 14,
          "column": 16
        },
        "end": {
          "line": 14,
          "column": 45
        }
      },
      "6": {
        "start": {
          "line": 15,
          "column": 6
        },
        "end": {
          "line": 22,
          "column": 9
        }
      },
      "7": {
        "start": {
          "line": 23,
          "column": 6
        },
        "end": {
          "line": 25,
          "column": 7
        }
      },
      "8": {
        "start": {
          "line": 24,
          "column": 8
        },
        "end": {
          "line": 24,
          "column": 22
        }
      },
      "9": {
        "start": {
          "line": 29,
          "column": 2
        },
        "end": {
          "line": 39,
          "column": 4
        }
      }
    },
    "fnMap": {
      "0": {
        "name": "(anonymous_0)",
        "decl": {
          "start": {
            "line": 7,
            "column": 24
          },
          "end": {
            "line": 7,
            "column": 25
          }
        },
        "loc": {
          "start": {
            "line": 7,
            "column": 51
          },
          "end": {
            "line": 40,
            "column": 1
          }
        },
        "line": 7
      },
      "1": {
        "name": "(anonymous_1)",
        "decl": {
          "start": {
            "line": 11,
            "column": 12
          },
          "end": {
            "line": 11,
            "column": 13
          }
        },
        "loc": {
          "start": {
            "line": 11,
            "column": 16
          },
          "end": {
            "line": 27,
            "column": 3
          }
        },
        "line": 11
      },
      "2": {
        "name": "(anonymous_2)",
        "decl": {
          "start": {
            "line": 13,
            "column": 15
          },
          "end": {
            "line": 13,
            "column": 16
          }
        },
        "loc": {
          "start": {
            "line": 13,
            "column": 30
          },
          "end": {
            "line": 26,
            "column": 5
          }
        },
        "line": 13
      }
    },
    "branchMap": {
      "0": {
        "loc": {
          "start": {
            "line": 23,
            "column": 6
          },
          "end": {
            "line": 25,
            "column": 7
          }
        },
        "type": "if",
        "locations": [
          {
            "start": {
              "line": 23,
              "column": 6
            },
            "end": {
              "line": 25,
              "column": 7
            }
          },
          {
            "start": {
              "line": 23,
              "column": 6
            },
            "end": {
              "line": 25,
              "column": 7
            }
          }
        ],
        "line": 23
      }
    },
    "s": {
      "0": 13,
      "1": 99,
      "2": 99,
      "3": 63,
      "4": 63,
      "5": 606,
      "6": 589,
      "7": 589,
      "8": 36,
      "9": 99
    },
    "f": {
      "0": 99,
      "1": 63,
      "2": 606
    },
    "b": {
      "0": [
        36,
        553
      ]
    },
    "_coverageSchema": "1a1c01bbd47fc00a2c39e90264f33305004495a9",
    "hash": "6253edcfea91b483384c365f48b8cefe5a679e2c"
  },
  "C:\\Users\\yzj\\Desktop\\WIT\\WebAppDevelopment\\moviesApp\\src\\components\\templateMovieListPage\\index.js": {
    "path": "C:\\Users\\yzj\\Desktop\\WIT\\WebAppDevelopment\\moviesApp\\src\\components\\templateMovieListPage\\index.js",
    "statementMap": {
      "0": {
        "start": {
          "line": 10,
          "column": 30
        },
        "end": {
          "line": 49,
          "column": 1
        }
      },
      "1": {
        "start": {
          "line": 12,
          "column": 38
        },
        "end": {
          "line": 12,
          "column": 50
        }
      },
      "2": {
        "start": {
          "line": 13,
          "column": 40
        },
        "end": {
          "line": 13,
          "column": 53
        }
      },
      "3": {
        "start": {
          "line": 14,
          "column": 16
        },
        "end": {
          "line": 14,
          "column": 35
        }
      },
      "4": {
        "start": {
          "line": 15,
          "column": 24
        },
        "end": {
          "line": 23,
          "column": 6
        }
      },
      "5": {
        "start": {
          "line": 17,
          "column": 6
        },
        "end": {
          "line": 17,
          "column": 75
        }
      },
      "6": {
        "start": {
          "line": 20,
          "column": 6
        },
        "end": {
          "line": 22,
          "column": 15
        }
      },
      "7": {
        "start": {
          "line": 25,
          "column": 23
        },
        "end": {
          "line": 28,
          "column": 3
        }
      },
      "8": {
        "start": {
          "line": 26,
          "column": 4
        },
        "end": {
          "line": 27,
          "column": 31
        }
      },
      "9": {
        "start": {
          "line": 26,
          "column": 25
        },
        "end": {
          "line": 26,
          "column": 46
        }
      },
      "10": {
        "start": {
          "line": 27,
          "column": 9
        },
        "end": {
          "line": 27,
          "column": 31
        }
      },
      "11": {
        "start": {
          "line": 30,
          "column": 2
        },
        "end": {
          "line": 48,
          "column": 4
        }
      }
    },
    "fnMap": {
      "0": {
        "name": "(anonymous_0)",
        "decl": {
          "start": {
            "line": 10,
            "column": 30
          },
          "end": {
            "line": 10,
            "column": 31
          }
        },
        "loc": {
          "start": {
            "line": 10,
            "column": 75
          },
          "end": {
            "line": 49,
            "column": 1
          }
        },
        "line": 10
      },
      "1": {
        "name": "(anonymous_1)",
        "decl": {
          "start": {
            "line": 16,
            "column": 12
          },
          "end": {
            "line": 16,
            "column": 13
          }
        },
        "loc": {
          "start": {
            "line": 16,
            "column": 17
          },
          "end": {
            "line": 18,
            "column": 5
          }
        },
        "line": 16
      },
      "2": {
        "name": "(anonymous_2)",
        "decl": {
          "start": {
            "line": 19,
            "column": 12
          },
          "end": {
            "line": 19,
            "column": 13
          }
        },
        "loc": {
          "start": {
            "line": 19,
            "column": 17
          },
          "end": {
            "line": 23,
            "column": 5
          }
        },
        "line": 19
      },
      "3": {
        "name": "(anonymous_3)",
        "decl": {
          "start": {
            "line": 25,
            "column": 23
          },
          "end": {
            "line": 25,
            "column": 24
          }
        },
        "loc": {
          "start": {
            "line": 25,
            "column": 40
          },
          "end": {
            "line": 28,
            "column": 3
          }
        },
        "line": 25
      }
    },
    "branchMap": {
      "0": {
        "loc": {
          "start": {
            "line": 20,
            "column": 14
          },
          "end": {
            "line": 22,
            "column": 14
          }
        },
        "type": "cond-expr",
        "locations": [
          {
            "start": {
              "line": 21,
              "column": 10
            },
            "end": {
              "line": 21,
              "column": 51
            }
          },
          {
            "start": {
              "line": 22,
              "column": 10
            },
            "end": {
              "line": 22,
              "column": 14
            }
          }
        ],
        "line": 20
      },
      "1": {
        "loc": {
          "start": {
            "line": 26,
            "column": 4
          },
          "end": {
            "line": 27,
            "column": 31
          }
        },
        "type": "if",
        "locations": [
          {
            "start": {
              "line": 26,
              "column": 4
            },
            "end": {
              "line": 27,
              "column": 31
            }
          },
          {
            "start": {
              "line": 26,
              "column": 4
            },
            "end": {
              "line": 27,
              "column": 31
            }
          }
        ],
        "line": 26
      }
    },
    "s": {
      "0": 13,
      "1": 63,
      "2": 63,
      "3": 63,
      "4": 63,
      "5": 1000,
      "6": 656,
      "7": 63,
      "8": 24,
      "9": 17,
      "10": 7,
      "11": 63
    },
    "f": {
      "0": 63,
      "1": 1000,
      "2": 656,
      "3": 24
    },
    "b": {
      "0": [
        72,
        584
      ],
      "1": [
        17,
        7
      ]
    },
    "_coverageSchema": "1a1c01bbd47fc00a2c39e90264f33305004495a9",
    "hash": "6bf6f864c756522c14040e1a9bc17a7b73d4a258"
  },
  "C:\\Users\\yzj\\Desktop\\WIT\\WebAppDevelopment\\moviesApp\\src\\contexts\\moviesContext.js": {
    "path": "C:\\Users\\yzj\\Desktop\\WIT\\WebAppDevelopment\\moviesApp\\src\\contexts\\moviesContext.js",
    "statementMap": {
      "0": {
        "start": {
          "line": 4,
          "column": 29
        },
        "end": {
          "line": 4,
          "column": 48
        }
      },
      "1": {
        "start": {
          "line": 6,
          "column": 16
        },
        "end": {
          "line": 53,
          "column": 1
        }
      },
      "2": {
        "start": {
          "line": 7,
          "column": 2
        },
        "end": {
          "line": 52,
          "column": 3
        }
      },
      "3": {
        "start": {
          "line": 9,
          "column": 6
        },
        "end": {
          "line": 14,
          "column": 8
        }
      },
      "4": {
        "start": {
          "line": 11,
          "column": 10
        },
        "end": {
          "line": 11,
          "column": 73
        }
      },
      "5": {
        "start": {
          "line": 16,
          "column": 6
        },
        "end": {
          "line": 16,
          "column": 78
        }
      },
      "6": {
        "start": {
          "line": 18,
          "column": 6
        },
        "end": {
          "line": 18,
          "column": 76
        }
      },
      "7": {
        "start": {
          "line": 20,
          "column": 6
        },
        "end": {
          "line": 27,
          "column": 8
        }
      },
      "8": {
        "start": {
          "line": 22,
          "column": 10
        },
        "end": {
          "line": 24,
          "column": 15
        }
      },
      "9": {
        "start": {
          "line": 29,
          "column": 6
        },
        "end": {
          "line": 34,
          "column": 7
        }
      },
      "10": {
        "start": {
          "line": 31,
          "column": 10
        },
        "end": {
          "line": 31,
          "column": 80
        }
      },
      "11": {
        "start": {
          "line": 36,
          "column": 6
        },
        "end": {
          "line": 41,
          "column": 7
        }
      },
      "12": {
        "start": {
          "line": 38,
          "column": 10
        },
        "end": {
          "line": 38,
          "column": 74
        }
      },
      "13": {
        "start": {
          "line": 43,
          "column": 6
        },
        "end": {
          "line": 48,
          "column": 7
        }
      },
      "14": {
        "start": {
          "line": 45,
          "column": 10
        },
        "end": {
          "line": 45,
          "column": 81
        }
      },
      "15": {
        "start": {
          "line": 51,
          "column": 6
        },
        "end": {
          "line": 51,
          "column": 19
        }
      },
      "16": {
        "start": {
          "line": 55,
          "column": 30
        },
        "end": {
          "line": 112,
          "column": 1
        }
      },
      "17": {
        "start": {
          "line": 56,
          "column": 28
        },
        "end": {
          "line": 56,
          "column": 77
        }
      },
      "18": {
        "start": {
          "line": 58,
          "column": 25
        },
        "end": {
          "line": 61,
          "column": 3
        }
      },
      "19": {
        "start": {
          "line": 59,
          "column": 18
        },
        "end": {
          "line": 59,
          "column": 66
        }
      },
      "20": {
        "start": {
          "line": 59,
          "column": 44
        },
        "end": {
          "line": 59,
          "column": 48
        }
      },
      "21": {
        "start": {
          "line": 60,
          "column": 4
        },
        "end": {
          "line": 60,
          "column": 82
        }
      },
      "22": {
        "start": {
          "line": 63,
          "column": 25
        },
        "end": {
          "line": 66,
          "column": 3
        }
      },
      "23": {
        "start": {
          "line": 64,
          "column": 18
        },
        "end": {
          "line": 64,
          "column": 64
        }
      },
      "24": {
        "start": {
          "line": 64,
          "column": 42
        },
        "end": {
          "line": 64,
          "column": 46
        }
      },
      "25": {
        "start": {
          "line": 65,
          "column": 4
        },
        "end": {
          "line": 65,
          "column": 80
        }
      },
      "26": {
        "start": {
          "line": 68,
          "column": 20
        },
        "end": {
          "line": 70,
          "column": 3
        }
      },
      "27": {
        "start": {
          "line": 69,
          "column": 4
        },
        "end": {
          "line": 69,
          "column": 65
        }
      },
      "28": {
        "start": {
          "line": 72,
          "column": 30
        },
        "end": {
          "line": 75,
          "column": 3
        }
      },
      "29": {
        "start": {
          "line": 73,
          "column": 18
        },
        "end": {
          "line": 73,
          "column": 64
        }
      },
      "30": {
        "start": {
          "line": 73,
          "column": 42
        },
        "end": {
          "line": 73,
          "column": 46
        }
      },
      "31": {
        "start": {
          "line": 74,
          "column": 4
        },
        "end": {
          "line": 74,
          "column": 83
        }
      },
      "32": {
        "start": {
          "line": 76,
          "column": 30
        },
        "end": {
          "line": 79,
          "column": 3
        }
      },
      "33": {
        "start": {
          "line": 77,
          "column": 18
        },
        "end": {
          "line": 77,
          "column": 66
        }
      },
      "34": {
        "start": {
          "line": 77,
          "column": 44
        },
        "end": {
          "line": 77,
          "column": 48
        }
      },
      "35": {
        "start": {
          "line": 78,
          "column": 4
        },
        "end": {
          "line": 78,
          "column": 89
        }
      },
      "36": {
        "start": {
          "line": 82,
          "column": 2
        },
        "end": {
          "line": 88,
          "column": 9
        }
      },
      "37": {
        "start": {
          "line": 83,
          "column": 4
        },
        "end": {
          "line": 86,
          "column": 7
        }
      },
      "38": {
        "start": {
          "line": 84,
          "column": 6
        },
        "end": {
          "line": 84,
          "column": 54
        }
      },
      "39": {
        "start": {
          "line": 85,
          "column": 6
        },
        "end": {
          "line": 85,
          "column": 40
        }
      },
      "40": {
        "start": {
          "line": 90,
          "column": 2
        },
        "end": {
          "line": 95,
          "column": 9
        }
      },
      "41": {
        "start": {
          "line": 91,
          "column": 4
        },
        "end": {
          "line": 93,
          "column": 7
        }
      },
      "42": {
        "start": {
          "line": 92,
          "column": 6
        },
        "end": {
          "line": 92,
          "column": 63
        }
      },
      "43": {
        "start": {
          "line": 97,
          "column": 2
        },
        "end": {
          "line": 111,
          "column": 4
        }
      }
    },
    "fnMap": {
      "0": {
        "name": "(anonymous_0)",
        "decl": {
          "start": {
            "line": 6,
            "column": 16
          },
          "end": {
            "line": 6,
            "column": 17
          }
        },
        "loc": {
          "start": {
            "line": 6,
            "column": 35
          },
          "end": {
            "line": 53,
            "column": 1
          }
        },
        "line": 6
      },
      "1": {
        "name": "(anonymous_1)",
        "decl": {
          "start": {
            "line": 10,
            "column": 33
          },
          "end": {
            "line": 10,
            "column": 34
          }
        },
        "loc": {
          "start": {
            "line": 11,
            "column": 10
          },
          "end": {
            "line": 11,
            "column": 73
          }
        },
        "line": 11
      },
      "2": {
        "name": "(anonymous_2)",
        "decl": {
          "start": {
            "line": 21,
            "column": 33
          },
          "end": {
            "line": 21,
            "column": 34
          }
        },
        "loc": {
          "start": {
            "line": 22,
            "column": 10
          },
          "end": {
            "line": 24,
            "column": 15
          }
        },
        "line": 22
      },
      "3": {
        "name": "(anonymous_3)",
        "decl": {
          "start": {
            "line": 30,
            "column": 36
          },
          "end": {
            "line": 30,
            "column": 37
          }
        },
        "loc": {
          "start": {
            "line": 31,
            "column": 10
          },
          "end": {
            "line": 31,
            "column": 80
          }
        },
        "line": 31
      },
      "4": {
        "name": "(anonymous_4)",
        "decl": {
          "start": {
            "line": 37,
            "column": 33
          },
          "end": {
            "line": 37,
            "column": 34
          }
        },
        "loc": {
          "start": {
            "line": 38,
            "column": 10
          },
          "end": {
            "line": 38,
            "column": 74
          }
        },
        "line": 38
      },
      "5": {
        "name": "(anonymous_5)",
        "decl": {
          "start": {
            "line": 44,
            "column": 36
          },
          "end": {
            "line": 44,
            "column": 37
          }
        },
        "loc": {
          "start": {
            "line": 45,
            "column": 10
          },
          "end": {
            "line": 45,
            "column": 81
          }
        },
        "line": 45
      },
      "6": {
        "name": "(anonymous_6)",
        "decl": {
          "start": {
            "line": 55,
            "column": 30
          },
          "end": {
            "line": 55,
            "column": 31
          }
        },
        "loc": {
          "start": {
            "line": 55,
            "column": 41
          },
          "end": {
            "line": 112,
            "column": 1
          }
        },
        "line": 55
      },
      "7": {
        "name": "(anonymous_7)",
        "decl": {
          "start": {
            "line": 58,
            "column": 25
          },
          "end": {
            "line": 58,
            "column": 26
          }
        },
        "loc": {
          "start": {
            "line": 58,
            "column": 38
          },
          "end": {
            "line": 61,
            "column": 3
          }
        },
        "line": 58
      },
      "8": {
        "name": "(anonymous_8)",
        "decl": {
          "start": {
            "line": 59,
            "column": 37
          },
          "end": {
            "line": 59,
            "column": 38
          }
        },
        "loc": {
          "start": {
            "line": 59,
            "column": 44
          },
          "end": {
            "line": 59,
            "column": 48
          }
        },
        "line": 59
      },
      "9": {
        "name": "(anonymous_9)",
        "decl": {
          "start": {
            "line": 63,
            "column": 25
          },
          "end": {
            "line": 63,
            "column": 26
          }
        },
        "loc": {
          "start": {
            "line": 63,
            "column": 38
          },
          "end": {
            "line": 66,
            "column": 3
          }
        },
        "line": 63
      },
      "10": {
        "name": "(anonymous_10)",
        "decl": {
          "start": {
            "line": 64,
            "column": 35
          },
          "end": {
            "line": 64,
            "column": 36
          }
        },
        "loc": {
          "start": {
            "line": 64,
            "column": 42
          },
          "end": {
            "line": 64,
            "column": 46
          }
        },
        "line": 64
      },
      "11": {
        "name": "(anonymous_11)",
        "decl": {
          "start": {
            "line": 68,
            "column": 20
          },
          "end": {
            "line": 68,
            "column": 21
          }
        },
        "loc": {
          "start": {
            "line": 68,
            "column": 39
          },
          "end": {
            "line": 70,
            "column": 3
          }
        },
        "line": 68
      },
      "12": {
        "name": "(anonymous_12)",
        "decl": {
          "start": {
            "line": 72,
            "column": 30
          },
          "end": {
            "line": 72,
            "column": 31
          }
        },
        "loc": {
          "start": {
            "line": 72,
            "column": 43
          },
          "end": {
            "line": 75,
            "column": 3
          }
        },
        "line": 72
      },
      "13": {
        "name": "(anonymous_13)",
        "decl": {
          "start": {
            "line": 73,
            "column": 35
          },
          "end": {
            "line": 73,
            "column": 36
          }
        },
        "loc": {
          "start": {
            "line": 73,
            "column": 42
          },
          "end": {
            "line": 73,
            "column": 46
          }
        },
        "line": 73
      },
      "14": {
        "name": "(anonymous_14)",
        "decl": {
          "start": {
            "line": 76,
            "column": 30
          },
          "end": {
            "line": 76,
            "column": 31
          }
        },
        "loc": {
          "start": {
            "line": 76,
            "column": 43
          },
          "end": {
            "line": 79,
            "column": 3
          }
        },
        "line": 76
      },
      "15": {
        "name": "(anonymous_15)",
        "decl": {
          "start": {
            "line": 77,
            "column": 37
          },
          "end": {
            "line": 77,
            "column": 38
          }
        },
        "loc": {
          "start": {
            "line": 77,
            "column": 44
          },
          "end": {
            "line": 77,
            "column": 48
          }
        },
        "line": 77
      },
      "16": {
        "name": "(anonymous_16)",
        "decl": {
          "start": {
            "line": 82,
            "column": 12
          },
          "end": {
            "line": 82,
            "column": 13
          }
        },
        "loc": {
          "start": {
            "line": 82,
            "column": 18
          },
          "end": {
            "line": 88,
            "column": 3
          }
        },
        "line": 82
      },
      "17": {
        "name": "(anonymous_17)",
        "decl": {
          "start": {
            "line": 83,
            "column": 21
          },
          "end": {
            "line": 83,
            "column": 22
          }
        },
        "loc": {
          "start": {
            "line": 83,
            "column": 33
          },
          "end": {
            "line": 86,
            "column": 5
          }
        },
        "line": 83
      },
      "18": {
        "name": "(anonymous_18)",
        "decl": {
          "start": {
            "line": 90,
            "column": 12
          },
          "end": {
            "line": 90,
            "column": 13
          }
        },
        "loc": {
          "start": {
            "line": 90,
            "column": 18
          },
          "end": {
            "line": 95,
            "column": 3
          }
        },
        "line": 90
      },
      "19": {
        "name": "(anonymous_19)",
        "decl": {
          "start": {
            "line": 91,
            "column": 29
          },
          "end": {
            "line": 91,
            "column": 30
          }
        },
        "loc": {
          "start": {
            "line": 91,
            "column": 41
          },
          "end": {
            "line": 93,
            "column": 5
          }
        },
        "line": 91
      }
    },
    "branchMap": {
      "0": {
        "loc": {
          "start": {
            "line": 7,
            "column": 2
          },
          "end": {
            "line": 52,
            "column": 3
          }
        },
        "type": "switch",
        "locations": [
          {
            "start": {
              "line": 8,
              "column": 4
            },
            "end": {
              "line": 14,
              "column": 8
            }
          },
          {
            "start": {
              "line": 15,
              "column": 4
            },
            "end": {
              "line": 16,
              "column": 78
            }
          },
          {
            "start": {
              "line": 17,
              "column": 4
            },
            "end": {
              "line": 18,
              "column": 76
            }
          },
          {
            "start": {
              "line": 19,
              "column": 4
            },
            "end": {
              "line": 27,
              "column": 8
            }
          },
          {
            "start": {
              "line": 28,
              "column": 4
            },
            "end": {
              "line": 34,
              "column": 7
            }
          },
          {
            "start": {
              "line": 35,
              "column": 4
            },
            "end": {
              "line": 41,
              "column": 7
            }
          },
          {
            "start": {
              "line": 42,
              "column": 4
            },
            "end": {
              "line": 48,
              "column": 7
            }
          },
          {
            "start": {
              "line": 50,
              "column": 4
            },
            "end": {
              "line": 51,
              "column": 19
            }
          }
        ],
        "line": 7
      },
      "1": {
        "loc": {
          "start": {
            "line": 11,
            "column": 10
          },
          "end": {
            "line": 11,
            "column": 73
          }
        },
        "type": "cond-expr",
        "locations": [
          {
            "start": {
              "line": 11,
              "column": 45
            },
            "end": {
              "line": 11,
              "column": 69
            }
          },
          {
            "start": {
              "line": 11,
              "column": 72
            },
            "end": {
              "line": 11,
              "column": 73
            }
          }
        ],
        "line": 11
      },
      "2": {
        "loc": {
          "start": {
            "line": 22,
            "column": 10
          },
          "end": {
            "line": 24,
            "column": 15
          }
        },
        "type": "cond-expr",
        "locations": [
          {
            "start": {
              "line": 23,
              "column": 14
            },
            "end": {
              "line": 23,
              "column": 53
            }
          },
          {
            "start": {
              "line": 24,
              "column": 14
            },
            "end": {
              "line": 24,
              "column": 15
            }
          }
        ],
        "line": 22
      },
      "3": {
        "loc": {
          "start": {
            "line": 31,
            "column": 10
          },
          "end": {
            "line": 31,
            "column": 80
          }
        },
        "type": "cond-expr",
        "locations": [
          {
            "start": {
              "line": 31,
              "column": 48
            },
            "end": {
              "line": 31,
              "column": 76
            }
          },
          {
            "start": {
              "line": 31,
              "column": 79
            },
            "end": {
              "line": 31,
              "column": 80
            }
          }
        ],
        "line": 31
      },
      "4": {
        "loc": {
          "start": {
            "line": 38,
            "column": 10
          },
          "end": {
            "line": 38,
            "column": 74
          }
        },
        "type": "cond-expr",
        "locations": [
          {
            "start": {
              "line": 38,
              "column": 45
            },
            "end": {
              "line": 38,
              "column": 70
            }
          },
          {
            "start": {
              "line": 38,
              "column": 73
            },
            "end": {
              "line": 38,
              "column": 74
            }
          }
        ],
        "line": 38
      },
      "5": {
        "loc": {
          "start": {
            "line": 45,
            "column": 10
          },
          "end": {
            "line": 45,
            "column": 81
          }
        },
        "type": "cond-expr",
        "locations": [
          {
            "start": {
              "line": 45,
              "column": 48
            },
            "end": {
              "line": 45,
              "column": 77
            }
          },
          {
            "start": {
              "line": 45,
              "column": 80
            },
            "end": {
              "line": 45,
              "column": 81
            }
          }
        ],
        "line": 45
      }
    },
    "s": {
      "0": 13,
      "1": 13,
      "2": 39,
      "3": 0,
      "4": 0,
      "5": 13,
      "6": 13,
      "7": 0,
      "8": 0,
      "9": 0,
      "10": 0,
      "11": 0,
      "12": 0,
      "13": 0,
      "14": 0,
      "15": 13,
      "16": 13,
      "17": 52,
      "18": 52,
      "19": 0,
      "20": 0,
      "21": 0,
      "22": 52,
      "23": 0,
      "24": 0,
      "25": 0,
      "26": 52,
      "27": 0,
      "28": 52,
      "29": 0,
      "30": 0,
      "31": 0,
      "32": 52,
      "33": 0,
      "34": 0,
      "35": 0,
      "36": 52,
      "37": 13,
      "38": 13,
      "39": 13,
      "40": 52,
      "41": 13,
      "42": 13,
      "43": 52
    },
    "f": {
      "0": 39,
      "1": 0,
      "2": 0,
      "3": 0,
      "4": 0,
      "5": 0,
      "6": 52,
      "7": 0,
      "8": 0,
      "9": 0,
      "10": 0,
      "11": 0,
      "12": 0,
      "13": 0,
      "14": 0,
      "15": 0,
      "16": 13,
      "17": 13,
      "18": 13,
      "19": 13
    },
    "b": {
      "0": [
        0,
        13,
        13,
        0,
        0,
        0,
        0,
        13
      ],
      "1": [
        0,
        0
      ],
      "2": [
        0,
        0
      ],
      "3": [
        0,
        0
      ],
      "4": [
        0,
        0
      ],
      "5": [
        0,
        0
      ]
    },
    "_coverageSchema": "1a1c01bbd47fc00a2c39e90264f33305004495a9",
    "hash": "5c033bab645a6a25e38f772c90a9ca4ccd96d4d6"
  },
  "C:\\Users\\yzj\\Desktop\\WIT\\WebAppDevelopment\\moviesApp\\src\\components\\buttons\\addButton.js": {
    "path": "C:\\Users\\yzj\\Desktop\\WIT\\WebAppDevelopment\\moviesApp\\src\\components\\buttons\\addButton.js",
    "statementMap": {
      "0": {
        "start": {
          "line": 6,
          "column": 18
        },
        "end": {
          "line": 20,
          "column": 1
        }
      },
      "1": {
        "start": {
          "line": 9,
          "column": 2
        },
        "end": {
          "line": 19,
          "column": 4
        }
      },
      "2": {
        "start": {
          "line": 11,
          "column": 20
        },
        "end": {
          "line": 11,
          "column": 35
        }
      }
    },
    "fnMap": {
      "0": {
        "name": "(anonymous_0)",
        "decl": {
          "start": {
            "line": 6,
            "column": 18
          },
          "end": {
            "line": 6,
            "column": 19
          }
        },
        "loc": {
          "start": {
            "line": 6,
            "column": 70
          },
          "end": {
            "line": 20,
            "column": 1
          }
        },
        "line": 6
      },
      "1": {
        "name": "(anonymous_1)",
        "decl": {
          "start": {
            "line": 11,
            "column": 15
          },
          "end": {
            "line": 11,
            "column": 16
          }
        },
        "loc": {
          "start": {
            "line": 11,
            "column": 19
          },
          "end": {
            "line": 11,
            "column": 36
          }
        },
        "line": 11
      }
    },
    "branchMap": {
      "0": {
        "loc": {
          "start": {
            "line": 17,
            "column": 5
          },
          "end": {
            "line": 17,
            "column": 68
          }
        },
        "type": "binary-expr",
        "locations": [
          {
            "start": {
              "line": 17,
              "column": 5
            },
            "end": {
              "line": 17,
              "column": 18
            }
          },
          {
            "start": {
              "line": 17,
              "column": 22
            },
            "end": {
              "line": 17,
              "column": 68
            }
          }
        ],
        "line": 17
      }
    },
    "s": {
      "0": 13,
      "1": 1845,
      "2": 0
    },
    "f": {
      "0": 1845,
      "1": 0
    },
    "b": {
      "0": [
        1845,
        1239
      ]
    },
    "_coverageSchema": "1a1c01bbd47fc00a2c39e90264f33305004495a9",
    "hash": "766657dae7c90eab34d5e9c352114658c5d02417"
  },
  "C:\\Users\\yzj\\Desktop\\WIT\\WebAppDevelopment\\moviesApp\\src\\components\\buttons\\successButton.js": {
    "path": "C:\\Users\\yzj\\Desktop\\WIT\\WebAppDevelopment\\moviesApp\\src\\components\\buttons\\successButton.js",
    "statementMap": {
      "0": {
        "start": {
          "line": 6,
          "column": 22
        },
        "end": {
          "line": 18,
          "column": 1
        }
      },
      "1": {
        "start": {
          "line": 7,
          "column": 2
        },
        "end": {
          "line": 17,
          "column": 4
        }
      },
      "2": {
        "start": {
          "line": 10,
          "column": 17
        },
        "end": {
          "line": 10,
          "column": 30
        }
      }
    },
    "fnMap": {
      "0": {
        "name": "(anonymous_0)",
        "decl": {
          "start": {
            "line": 6,
            "column": 22
          },
          "end": {
            "line": 6,
            "column": 23
          }
        },
        "loc": {
          "start": {
            "line": 6,
            "column": 50
          },
          "end": {
            "line": 18,
            "column": 1
          }
        },
        "line": 6
      },
      "1": {
        "name": "(anonymous_1)",
        "decl": {
          "start": {
            "line": 10,
            "column": 13
          },
          "end": {
            "line": 10,
            "column": 14
          }
        },
        "loc": {
          "start": {
            "line": 10,
            "column": 17
          },
          "end": {
            "line": 10,
            "column": 30
          }
        },
        "line": 10
      }
    },
    "branchMap": {
      "0": {
        "loc": {
          "start": {
            "line": 15,
            "column": 5
          },
          "end": {
            "line": 15,
            "column": 72
          }
        },
        "type": "binary-expr",
        "locations": [
          {
            "start": {
              "line": 15,
              "column": 5
            },
            "end": {
              "line": 15,
              "column": 18
            }
          },
          {
            "start": {
              "line": 15,
              "column": 22
            },
            "end": {
              "line": 15,
              "column": 72
            }
          }
        ],
        "line": 15
      }
    },
    "s": {
      "0": 13,
      "1": 0,
      "2": 0
    },
    "f": {
      "0": 0,
      "1": 0
    },
    "b": {
      "0": [
        0,
        0
      ]
    },
    "_coverageSchema": "1a1c01bbd47fc00a2c39e90264f33305004495a9",
    "hash": "e43b9277d8d4120be4df362f76854fd01a446b80"
  },
  "C:\\Users\\yzj\\Desktop\\WIT\\WebAppDevelopment\\moviesApp\\src\\components\\alert\\removeFavoriate.js": {
    "path": "C:\\Users\\yzj\\Desktop\\WIT\\WebAppDevelopment\\moviesApp\\src\\components\\alert\\removeFavoriate.js",
    "statementMap": {
      "0": {
        "start": {
          "line": 5,
          "column": 28
        },
        "end": {
          "line": 26,
          "column": 1
        }
      },
      "1": {
        "start": {
          "line": 6,
          "column": 2
        },
        "end": {
          "line": 25,
          "column": 4
        }
      },
      "2": {
        "start": {
          "line": 12,
          "column": 16
        },
        "end": {
          "line": 12,
          "column": 31
        }
      },
      "3": {
        "start": {
          "line": 13,
          "column": 16
        },
        "end": {
          "line": 13,
          "column": 30
        }
      },
      "4": {
        "start": {
          "line": 20,
          "column": 33
        },
        "end": {
          "line": 20,
          "column": 47
        }
      }
    },
    "fnMap": {
      "0": {
        "name": "(anonymous_0)",
        "decl": {
          "start": {
            "line": 5,
            "column": 28
          },
          "end": {
            "line": 5,
            "column": 29
          }
        },
        "loc": {
          "start": {
            "line": 5,
            "column": 73
          },
          "end": {
            "line": 26,
            "column": 1
          }
        },
        "line": 5
      },
      "1": {
        "name": "(anonymous_1)",
        "decl": {
          "start": {
            "line": 11,
            "column": 21
          },
          "end": {
            "line": 11,
            "column": 22
          }
        },
        "loc": {
          "start": {
            "line": 11,
            "column": 27
          },
          "end": {
            "line": 14,
            "column": 15
          }
        },
        "line": 11
      },
      "2": {
        "name": "(anonymous_2)",
        "decl": {
          "start": {
            "line": 20,
            "column": 27
          },
          "end": {
            "line": 20,
            "column": 28
          }
        },
        "loc": {
          "start": {
            "line": 20,
            "column": 33
          },
          "end": {
            "line": 20,
            "column": 47
          }
        },
        "line": 20
      }
    },
    "branchMap": {},
    "s": {
      "0": 13,
      "1": 1845,
      "2": 0,
      "3": 0,
      "4": 0
    },
    "f": {
      "0": 1845,
      "1": 0,
      "2": 0
    },
    "b": {},
    "_coverageSchema": "1a1c01bbd47fc00a2c39e90264f33305004495a9",
    "hash": "8bf320de1fc297fb9e4d2de7c95854fac039bdc2"
  },
  "C:\\Users\\yzj\\Desktop\\WIT\\WebAppDevelopment\\moviesApp\\src\\components\\buttons\\addToFavorites.js": {
    "path": "C:\\Users\\yzj\\Desktop\\WIT\\WebAppDevelopment\\moviesApp\\src\\components\\buttons\\addToFavorites.js",
    "statementMap": {
      "0": {
        "start": {
          "line": 8,
          "column": 28
        },
        "end": {
          "line": 24,
          "column": 1
        }
      },
      "1": {
        "start": {
          "line": 9,
          "column": 26
        },
        "end": {
          "line": 9,
          "column": 41
        }
      },
      "2": {
        "start": {
          "line": 10,
          "column": 2
        },
        "end": {
          "line": 23,
          "column": 4
        }
      }
    },
    "fnMap": {
      "0": {
        "name": "(anonymous_0)",
        "decl": {
          "start": {
            "line": 8,
            "column": 28
          },
          "end": {
            "line": 8,
            "column": 29
          }
        },
        "loc": {
          "start": {
            "line": 8,
            "column": 78
          },
          "end": {
            "line": 24,
            "column": 1
          }
        },
        "line": 8
      }
    },
    "branchMap": {
      "0": {
        "loc": {
          "start": {
            "line": 12,
            "column": 46
          },
          "end": {
            "line": 12,
            "column": 105
          }
        },
        "type": "cond-expr",
        "locations": [
          {
            "start": {
              "line": 12,
              "column": 63
            },
            "end": {
              "line": 12,
              "column": 86
            }
          },
          {
            "start": {
              "line": 12,
              "column": 87
            },
            "end": {
              "line": 12,
              "column": 105
            }
          }
        ],
        "line": 12
      },
      "1": {
        "loc": {
          "start": {
            "line": 17,
            "column": 8
          },
          "end": {
            "line": 19,
            "column": 66
          }
        },
        "type": "cond-expr",
        "locations": [
          {
            "start": {
              "line": 18,
              "column": 10
            },
            "end": {
              "line": 18,
              "column": 44
            }
          },
          {
            "start": {
              "line": 19,
              "column": 10
            },
            "end": {
              "line": 19,
              "column": 66
            }
          }
        ],
        "line": 17
      }
    },
    "s": {
      "0": 13,
      "1": 606,
      "2": 606
    },
    "f": {
      "0": 606
    },
    "b": {
      "0": [
        0,
        606
      ],
      "1": [
        0,
        606
      ]
    },
    "_coverageSchema": "1a1c01bbd47fc00a2c39e90264f33305004495a9",
    "hash": "e67966ce629eb8bf54a042f68908c7cb205826d0"
  },
  "C:\\Users\\yzj\\Desktop\\WIT\\WebAppDevelopment\\moviesApp\\src\\components\\buttons\\favoriteComboButton.js": {
    "path": "C:\\Users\\yzj\\Desktop\\WIT\\WebAppDevelopment\\moviesApp\\src\\components\\buttons\\favoriteComboButton.js",
    "statementMap": {
      "0": {
        "start": {
          "line": 6,
          "column": 20
        },
        "end": {
          "line": 36,
          "column": 1
        }
      },
      "1": {
        "start": {
          "line": 7,
          "column": 26
        },
        "end": {
          "line": 7,
          "column": 41
        }
      },
      "2": {
        "start": {
          "line": 8,
          "column": 23
        },
        "end": {
          "line": 8,
          "column": 38
        }
      },
      "3": {
        "start": {
          "line": 9,
          "column": 2
        },
        "end": {
          "line": 12,
          "column": 53
        }
      },
      "4": {
        "start": {
          "line": 10,
          "column": 4
        },
        "end": {
          "line": 10,
          "column": 54
        }
      },
      "5": {
        "start": {
          "line": 10,
          "column": 32
        },
        "end": {
          "line": 10,
          "column": 54
        }
      },
      "6": {
        "start": {
          "line": 11,
          "column": 4
        },
        "end": {
          "line": 11,
          "column": 59
        }
      },
      "7": {
        "start": {
          "line": 11,
          "column": 32
        },
        "end": {
          "line": 11,
          "column": 59
        }
      },
      "8": {
        "start": {
          "line": 13,
          "column": 2
        },
        "end": {
          "line": 35,
          "column": 4
        }
      }
    },
    "fnMap": {
      "0": {
        "name": "(anonymous_0)",
        "decl": {
          "start": {
            "line": 6,
            "column": 20
          },
          "end": {
            "line": 6,
            "column": 21
          }
        },
        "loc": {
          "start": {
            "line": 6,
            "column": 74
          },
          "end": {
            "line": 36,
            "column": 1
          }
        },
        "line": 6
      },
      "1": {
        "name": "(anonymous_1)",
        "decl": {
          "start": {
            "line": 9,
            "column": 12
          },
          "end": {
            "line": 9,
            "column": 13
          }
        },
        "loc": {
          "start": {
            "line": 9,
            "column": 16
          },
          "end": {
            "line": 12,
            "column": 3
          }
        },
        "line": 9
      }
    },
    "branchMap": {
      "0": {
        "loc": {
          "start": {
            "line": 10,
            "column": 4
          },
          "end": {
            "line": 10,
            "column": 54
          }
        },
        "type": "if",
        "locations": [
          {
            "start": {
              "line": 10,
              "column": 4
            },
            "end": {
              "line": 10,
              "column": 54
            }
          },
          {
            "start": {
              "line": 10,
              "column": 4
            },
            "end": {
              "line": 10,
              "column": 54
            }
          }
        ],
        "line": 10
      },
      "1": {
        "loc": {
          "start": {
            "line": 11,
            "column": 4
          },
          "end": {
            "line": 11,
            "column": 59
          }
        },
        "type": "if",
        "locations": [
          {
            "start": {
              "line": 11,
              "column": 4
            },
            "end": {
              "line": 11,
              "column": 59
            }
          },
          {
            "start": {
              "line": 11,
              "column": 4
            },
            "end": {
              "line": 11,
              "column": 59
            }
          }
        ],
        "line": 11
      },
      "2": {
        "loc": {
          "start": {
            "line": 23,
            "column": 8
          },
          "end": {
            "line": 32,
            "column": 12
          }
        },
        "type": "cond-expr",
        "locations": [
          {
            "start": {
              "line": 24,
              "column": 10
            },
            "end": {
              "line": 24,
              "column": 72
            }
          },
          {
            "start": {
              "line": 25,
              "column": 10
            },
            "end": {
              "line": 32,
              "column": 12
            }
          }
        ],
        "line": 23
      }
    },
    "s": {
      "0": 13,
      "1": 1239,
      "2": 1239,
      "3": 1239,
      "4": 549,
[...]
    },
    "fnMap": {
      "0": {
        "name": "(anonymous_0)",
        "decl": {
          "start": {
            "line": 6,
            "column": 27
          },
          "end": {
            "line": 6,
            "column": 28
          }
        },
        "loc": {
          "start": {
            "line": 6,
            "column": 36
          },
          "end": {
            "line": 16,
            "column": 1
          }
        },
        "line": 6
      },
      "1": {
        "name": "(anonymous_1)",
        "decl": {
          "start": {
            "line": 8,
            "column": 43
          },
          "end": {
            "line": 8,
            "column": 44
          }
        },
        "loc": {
          "start": {
            "line": 8,
            "column": 48
          },
          "end": {
            "line": 8,
            "column": 58
          }
        },
        "line": 8
      },
      "2": {
        "name": "(anonymous_2)",
        "decl": {
          "start": {
            "line": 12,
            "column": 22
          },
          "end": {
            "line": 12,
            "column": 23
          }
        },
        "loc": {
          "start": {
            "line": 12,
            "column": 31
          },
          "end": {
            "line": 12,
            "column": 64
          }
        },
        "line": 12
      },
      "3": {
        "name": "(anonymous_3)",
        "decl": {
          "start": {
            "line": 13,
            "column": 14
          },
          "end": {
            "line": 13,
            "column": 15
          }
        },
        "loc": {
          "start": {
            "line": 13,
            "column": 23
          },
          "end": {
            "line": 13,
            "column": 56
          }
        },
        "line": 13
      }
    },
    "branchMap": {},
    "s": {
      "0": 13,
      "1": 0,
      "2": 0,
      "3": 0,
      "4": 0,
      "5": 0,
      "6": 0
    },
    "f": {
      "0": 0,
      "1": 0,
      "2": 0,
      "3": 0
    },
    "b": {},
    "_coverageSchema": "1a1c01bbd47fc00a2c39e90264f33305004495a9",
    "hash": "9539832f5b5c847893de9ddd9057e0e2f6e5f10b"
  },
  "C:\\Users\\yzj\\Desktop\\WIT\\WebAppDevelopment\\moviesApp\\src\\components\\movieReview\\index.js": {
    "path": "C:\\Users\\yzj\\Desktop\\WIT\\WebAppDevelopment\\moviesApp\\src\\components\\movieReview\\index.js",
    "statementMap": {
      "0": {
        "start": {
          "line": 4,
          "column": 2
        },
        "end": {
          "line": 9,
          "column": 4
        }
      }
    },
    "fnMap": {
      "0": {
        "name": "(anonymous_0)",
        "decl": {
          "start": {
            "line": 3,
            "column": 15
          },
          "end": {
            "line": 3,
            "column": 16
          }
        },
        "loc": {
          "start": {
            "line": 3,
            "column": 31
          },
          "end": {
            "line": 10,
            "column": 1
          }
        },
        "line": 3
      }
    },
    "branchMap": {},
    "s": {
      "0": 0
    },
    "f": {
      "0": 0
    },
    "b": {},
    "_coverageSchema": "1a1c01bbd47fc00a2c39e90264f33305004495a9",
    "hash": "88454e3ed2987f548107ab24ae71ee2cc93f55a1"
  },
  "C:\\Users\\yzj\\Desktop\\WIT\\WebAppDevelopment\\moviesApp\\src\\pages\\movieReviewPage.js": {
    "path": "C:\\Users\\yzj\\Desktop\\WIT\\WebAppDevelopment\\moviesApp\\src\\pages\\movieReviewPage.js",
    "statementMap": {
      "0": {
        "start": {
          "line": 5,
          "column": 24
        },
        "end": {
          "line": 11,
          "column": 1
        }
      },
      "1": {
        "start": {
          "line": 6,
          "column": 2
        },
        "end": {
          "line": 10,
          "column": 4
        }
      }
    },
    "fnMap": {
      "0": {
        "name": "(anonymous_0)",
        "decl": {
          "start": {
            "line": 5,
            "column": 24
          },
          "end": {
            "line": 5,
            "column": 25
          }
        },
        "loc": {
          "start": {
            "line": 5,
            "column": 35
          },
          "end": {
            "line": 11,
            "column": 1
          }
        },
        "line": 5
      }
    },
    "branchMap": {},
    "s": {
      "0": 13,
      "1": 0
    },
    "f": {
      "0": 0
    },
    "b": {},
    "_coverageSchema": "1a1c01bbd47fc00a2c39e90264f33305004495a9",
    "hash": "14ff836135f4c190f23a1501c09c63bf3d7ff2ba"
  },
  "C:\\Users\\yzj\\Desktop\\WIT\\WebAppDevelopment\\moviesApp\\src\\components\\siteHeader\\index.js": {
    "path": "C:\\Users\\yzj\\Desktop\\WIT\\WebAppDevelopment\\moviesApp\\src\\components\\siteHeader\\index.js",
    "statementMap": {
      "0": {
        "start": {
          "line": 6,
          "column": 26
        },
        "end": {
          "line": 36,
          "column": 1
        }
      },
      "1": {
        "start": {
          "line": 7,
          "column": 2
        },
        "end": {
          "line": 35,
          "column": 4
        }
      }
    },
    "fnMap": {
      "0": {
        "name": "(anonymous_0)",
        "decl": {
          "start": {
            "line": 6,
            "column": 26
          },
          "end": {
            "line": 6,
            "column": 27
          }
        },
        "loc": {
          "start": {
            "line": 6,
            "column": 32
          },
          "end": {
            "line": 36,
            "column": 1
          }
        },
        "line": 6
      }
    },
    "branchMap": {},
    "s": {
      "0": 13,
      "1": 13
    },
    "f": {
      "0": 13
    },
    "b": {},
    "_coverageSchema": "1a1c01bbd47fc00a2c39e90264f33305004495a9",
    "hash": "825824281b87227d678385a71609ab6812991953"
  },
  "C:\\Users\\yzj\\Desktop\\WIT\\WebAppDevelopment\\moviesApp\\src\\components\\buttons\\addToWatchList.js": {
    "path": "C:\\Users\\yzj\\Desktop\\WIT\\WebAppDevelopment\\moviesApp\\src\\components\\buttons\\addToWatchList.js",
    "statementMap": {
      "0": {
        "start": {
          "line": 8,
          "column": 21
        },
        "end": {
          "line": 25,
          "column": 1
        }
      },
      "1": {
        "start": {
          "line": 9,
          "column": 26
        },
        "end": {
          "line": 9,
          "column": 41
        }
      },
      "2": {
        "start": {
          "line": 11,
          "column": 3
        },
        "end": {
          "line": 24,
          "column": 4
        }
      }
    },
    "fnMap": {
      "0": {
        "name": "(anonymous_0)",
        "decl": {
          "start": {
            "line": 8,
            "column": 21
          },
          "end": {
            "line": 8,
            "column": 22
          }
        },
        "loc": {
          "start": {
            "line": 8,
            "column": 70
          },
          "end": {
            "line": 25,
            "column": 1
          }
        },
        "line": 8
      }
    },
    "branchMap": {
      "0": {
        "loc": {
          "start": {
            "line": 13,
            "column": 46
          },
          "end": {
            "line": 13,
            "column": 110
          }
        },
        "type": "cond-expr",
        "locations": [
          {
            "start": {
              "line": 13,
              "column": 68
            },
            "end": {
              "line": 13,
              "column": 91
            }
          },
          {
            "start": {
              "line": 13,
              "column": 92
            },
            "end": {
              "line": 13,
              "column": 110
            }
          }
        ],
        "line": 13
      },
      "1": {
        "loc": {
          "start": {
            "line": 18,
            "column": 8
          },
          "end": {
            "line": 20,
            "column": 66
          }
        },
        "type": "cond-expr",
        "locations": [
          {
            "start": {
              "line": 19,
              "column": 10
            },
            "end": {
              "line": 19,
              "column": 44
            }
          },
          {
            "start": {
              "line": 20,
              "column": 10
            },
            "end": {
              "line": 20,
              "column": 66
            }
          }
        ],
        "line": 18
      }
    },
    "s": {
      "0": 13,
      "1": 0,
      "2": 0
    },
    "f": {
      "0": 0
    },
    "b": {
      "0": [
        0,
        0
      ],
      "1": [
        0,
        0
      ]
    },
    "_coverageSchema": "1a1c01bbd47fc00a2c39e90264f33305004495a9",
    "hash": "acb25f2c043630d9bec98e5391e15ab2cf7175e4"
  },
  "C:\\Users\\yzj\\Desktop\\WIT\\WebAppDevelopment\\moviesApp\\src\\pages\\movieUpcomingPage.js": {
    "path": "C:\\Users\\yzj\\Desktop\\WIT\\WebAppDevelopment\\moviesApp\\src\\pages\\movieUpcomingPage.js",
    "statementMap": {
      "0": {
        "start": {
          "line": 7,
          "column": 22
        },
        "end": {
          "line": 33,
          "column": 1
        }
      },
      "1": {
        "start": {
          "line": 8,
          "column": 18
        },
        "end": {
          "line": 8,
          "column": 43
        }
      },
      "2": {
        "start": {
          "line": 10,
          "column": 25
        },
        "end": {
          "line": 10,
          "column": 41
        }
      },
      "3": {
        "start": {
          "line": 12,
          "column": 2
        },
        "end": {
          "line": 32,
          "column": 4
        }
      },
      "4": {
        "start": {
          "line": 17,
          "column": 10
        },
        "end": {
          "line": 22,
          "column": 12
        }
      },
      "5": {
        "start": {
          "line": 25,
          "column": 10
        },
        "end": {
          "line": 29,
          "column": 12
        }
      }
    },
    "fnMap": {
      "0": {
        "name": "(anonymous_0)",
        "decl": {
          "start": {
            "line": 7,
            "column": 22
          },
          "end": {
            "line": 7,
            "column": 23
          }
        },
        "loc": {
          "start": {
            "line": 7,
            "column": 28
          },
          "end": {
            "line": 33,
            "column": 1
          }
        },
        "line": 7
      },
      "1": {
        "name": "(anonymous_1)",
        "decl": {
          "start": {
            "line": 16,
            "column": 24
          },
          "end": {
            "line": 16,
            "column": 25
          }
        },
        "loc": {
          "start": {
            "line": 16,
            "column": 34
          },
          "end": {
            "line": 23,
            "column": 9
          }
        },
        "line": 16
      },
      "2": {
        "name": "(anonymous_2)",
        "decl": {
          "start": {
            "line": 24,
            "column": 16
          },
          "end": {
            "line": 24,
            "column": 17
          }
        },
        "loc": {
          "start": {
            "line": 24,
            "column": 27
          },
          "end": {
            "line": 30,
            "column": 9
          }
        },
        "line": 24
      }
    },
    "branchMap": {},
    "s": {
      "0": 13,
      "1": 0,
      "2": 0,
      "3": 0,
      "4": 0,
      "5": 0
    },
    "f": {
      "0": 0,
      "1": 0,
      "2": 0
    },
    "b": {},
    "_coverageSchema": "1a1c01bbd47fc00a2c39e90264f33305004495a9",
    "hash": "0574b7239bdd031b9247a40ca0b1547c187b7363"
  },
  "C:\\Users\\yzj\\Desktop\\WIT\\WebAppDevelopment\\moviesApp\\src\\components\\reviewForm\\index.js": {
    "path": "C:\\Users\\yzj\\Desktop\\WIT\\WebAppDevelopment\\moviesApp\\src\\components\\reviewForm\\index.js",
    "statementMap": {
      "0": {
        "start": {
          "line": 7,
          "column": 19
        },
        "end": {
          "line": 67,
          "column": 1
        }
      },
      "1": {
        "start": {
          "line": 8,
          "column": 52
        },
        "end": {
          "line": 8,
          "column": 61
        }
      },
      "2": {
        "start": {
          "line": 9,
          "column": 18
        },
        "end": {
          "line": 9,
          "column": 43
        }
      },
      "3": {
        "start": {
          "line": 11,
          "column": 19
        },
        "end": {
          "line": 14,
          "column": 3
        }
      },
      "4": {
        "start": {
          "line": 12,
          "column": 4
        },
        "end": {
          "line": 12,
          "column": 34
        }
      },
      "5": {
        "start": {
          "line": 13,
          "column": 4
        },
        "end": {
          "line": 13,
          "column": 38
        }
      },
      "6": {
        "start": {
          "line": 16,
          "column": 2
        },
        "end": {
          "line": 66,
          "column": 4
        }
      },
      "7": {
        "start": {
          "line": 57,
          "column": 10
        },
        "end": {
          "line": 60,
          "column": 13
        }
      }
    },
    "fnMap": {
      "0": {
        "name": "(anonymous_0)",
        "decl": {
          "start": {
            "line": 7,
            "column": 19
          },
          "end": {
            "line": 7,
            "column": 20
          }
        },
        "loc": {
          "start": {
            "line": 7,
            "column": 43
          },
          "end": {
            "line": 67,
            "column": 1
          }
        },
        "line": 7
      },
      "1": {
        "name": "(anonymous_1)",
        "decl": {
          "start": {
            "line": 11,
            "column": 19
          },
          "end": {
            "line": 11,
            "column": 20
          }
        },
        "loc": {
          "start": {
            "line": 11,
            "column": 27
          },
          "end": {
            "line": 14,
            "column": 3
          }
        },
        "line": 11
      },
      "2": {
        "name": "(anonymous_2)",
        "decl": {
          "start": {
            "line": 56,
            "column": 17
          },
          "end": {
            "line": 56,
            "column": 18
          }
        },
        "loc": {
          "start": {
            "line": 56,
            "column": 23
          },
          "end": {
            "line": 61,
            "column": 9
          }
        },
        "line": 56
      }
    },
    "branchMap": {
      "0": {
        "loc": {
          "start": {
            "line": 30,
            "column": 7
          },
          "end": {
            "line": 30,
            "column": 112
          }
        },
        "type": "binary-expr",
        "locations": [
          {
            "start": {
              "line": 30,
              "column": 7
            },
            "end": {
              "line": 30,
              "column": 20
            }
          },
          {
            "start": {
              "line": 30,
              "column": 24
            },
            "end": {
              "line": 30,
              "column": 112
            }
          }
        ],
        "line": 30
      },
      "1": {
        "loc": {
          "start": {
            "line": 46,
            "column": 7
          },
          "end": {
            "line": 48,
            "column": 7
          }
        },
        "type": "binary-expr",
        "locations": [
          {
            "start": {
              "line": 46,
              "column": 7
            },
            "end": {
              "line": 46,
              "column": 21
            }
          },
          {
            "start": {
              "line": 47,
              "column": 8
            },
            "end": {
              "line": 47,
              "column": 97
            }
          }
        ],
        "line": 46
      }
    },
    "s": {
      "0": 13,
      "1": 0,
      "2": 0,
      "3": 0,
      "4": 0,
      "5": 0,
      "6": 0,
      "7": 0
    },
    "f": {
      "0": 0,
      "1": 0,
      "2": 0
    },
    "b": {
      "0": [
        0,
        0
      ],
      "1": [
        0,
        0
      ]
    },
    "_coverageSchema": "1a1c01bbd47fc00a2c39e90264f33305004495a9",
    "hash": "81509ce6c7b74af695f898ccfb68a6cc716d8e95"
  },
  "C:\\Users\\yzj\\Desktop\\WIT\\WebAppDevelopment\\moviesApp\\src\\pages\\addMovieReviewPage.js": {
    "path": "C:\\Users\\yzj\\Desktop\\WIT\\WebAppDevelopment\\moviesApp\\src\\pages\\addMovieReviewPage.js",
    "statementMap": {
      "0": {
        "start": {
          "line": 5,
          "column": 23
        },
        "end": {
          "line": 12,
          "column": 1
        }
      },
      "1": {
        "start": {
          "line": 7,
          "column": 2
        },
        "end": {
          "line": 11,
          "column": 4
        }
      }
    },
    "fnMap": {
      "0": {
        "name": "(anonymous_0)",
        "decl": {
          "start": {
            "line": 5,
            "column": 23
          },
          "end": {
            "line": 5,
            "column": 24
          }
        },
        "loc": {
          "start": {
            "line": 5,
            "column": 32
          },
          "end": {
            "line": 12,
            "column": 1
          }
        },
        "line": 5
      }
    },
    "branchMap": {},
    "s": {
      "0": 13,
      "1": 0
    },
    "f": {
      "0": 0
    },
    "b": {},
    "_coverageSchema": "1a1c01bbd47fc00a2c39e90264f33305004495a9",
    "hash": "84d56e28fe3e336c55b19279d8bcb5583365abf8"
  },
  "C:\\Users\\yzj\\Desktop\\WIT\\WebAppDevelopment\\moviesApp\\src\\index.js": {
    "path": "C:\\Users\\yzj\\Desktop\\WIT\\WebAppDevelopment\\moviesApp\\src\\index.js",
    "statementMap": {
      "0": {
        "start": {
          "line": 15,
          "column": 12
        },
        "end": {
          "line": 42,
          "column": 1
        }
      },
      "1": {
        "start": {
          "line": 16,
          "column": 2
        },
        "end": {
          "line": 41,
          "column": 4
        }
      },
      "2": {
        "start": {
          "line": 30,
          "column": 16
        },
        "end": {
          "line": 32,
          "column": 18
        }
      },
      "3": {
        "start": {
          "line": 45,
          "column": 0
        },
        "end": {
          "line": 45,
          "column": 58
        }
      }
    },
    "fnMap": {
      "0": {
        "name": "(anonymous_0)",
        "decl": {
          "start": {
            "line": 15,
            "column": 12
          },
          "end": {
            "line": 15,
            "column": 13
          }
        },
        "loc": {
          "start": {
            "line": 15,
            "column": 18
          },
          "end": {
            "line": 42,
            "column": 1
          }
        },
        "line": 15
      },
      "1": {
        "name": "(anonymous_1)",
        "decl": {
          "start": {
            "line": 29,
            "column": 38
          },
          "end": {
            "line": 29,
            "column": 39
          }
        },
        "loc": {
          "start": {
            "line": 29,
            "column": 42
          },
          "end": {
            "line": 33,
            "column": 15
          }
        },
        "line": 29
      }
    },
    "branchMap": {},
    "s": {
      "0": 13,
      "1": 13,
      "2": 13,
      "3": 13
    },
    "f": {
      "0": 13,
      "1": 13
    },
    "b": {},
    "_coverageSchema": "1a1c01bbd47fc00a2c39e90264f33305004495a9",
    "hash": "473cb79dea9fdd33550afef0f741c9ec6b4233e1"
  }
}